<?xml version="1.0" encoding="UTF-8"?>
<testng-results ignored="0" total="2" passed="2" failed="0" skipped="0">
  <reporter-output>
  </reporter-output>
  <suite started-at="2024-05-01T18:29:50 IST" name="Surefire suite" finished-at="2024-05-01T18:30:36 IST" duration-ms="46252">
    <groups>
    </groups>
    <test started-at="2024-05-01T18:29:50 IST" name="Surefire test" finished-at="2024-05-01T18:30:36 IST" duration-ms="46252">
      <class name="com.example.AppTest">
        <test-method is-config="true" signature="setup()[pri:0, instance:com.example.AppTest@43ee72e6]" started-at="2024-05-01T18:29:50 IST" name="setup" finished-at="2024-05-01T18:29:59 IST" duration-ms="9091" status="PASS">
          <reporter-output>
          </reporter-output>
        </test-method> <!-- setup -->
        <test-method signature="Testcase1()[pri:0, instance:com.example.AppTest@43ee72e6]" started-at="2024-05-01T18:29:59 IST" name="Testcase1" finished-at="2024-05-01T18:30:15 IST" duration-ms="15968" status="PASS">
          <reporter-output>
          </reporter-output>
        </test-method> <!-- Testcase1 -->
        <test-method is-config="true" signature="exit()[pri:0, instance:com.example.AppTest@43ee72e6]" started-at="2024-05-01T18:30:15 IST" name="exit" finished-at="2024-05-01T18:30:16 IST" duration-ms="547" status="PASS">
          <reporter-output>
          </reporter-output>
        </test-method> <!-- exit -->
        <test-method is-config="true" signature="setup()[pri:0, instance:com.example.AppTest@43ee72e6]" started-at="2024-05-01T18:30:16 IST" name="setup" finished-at="2024-05-01T18:30:24 IST" duration-ms="7769" status="PASS">
          <reporter-output>
          </reporter-output>
        </test-method> <!-- setup -->
        <test-method signature="Testcase2()[pri:0, instance:com.example.AppTest@43ee72e6]" started-at="2024-05-01T18:30:24 IST" name="Testcase2" finished-at="2024-05-01T18:30:36 IST" duration-ms="12146" status="PASS">
          <reporter-output>
          </reporter-output>
        </test-method> <!-- Testcase2 -->
        <test-method is-config="true" signature="exit()[pri:0, instance:com.example.AppTest@43ee72e6]" started-at="2024-05-01T18:30:36 IST" name="exit" finished-at="2024-05-01T18:30:36 IST" duration-ms="668" status="PASS">
          <reporter-output>
          </reporter-output>
        </test-method> <!-- exit -->
      </class> <!-- com.example.AppTest -->
    </test> <!-- Surefire test -->
  </suite> <!-- Surefire suite -->
</testng-results>
